<?xml version="1.0" encoding="UTF-8"?>
<testng-results total="1" passed="1" failed="0" skipped="0">
  <reporter-output>
  </reporter-output>
  <suite started-at="2021-10-02T21:18:14Z" name="Default suite" finished-at="2021-10-02T21:18:16Z" duration-ms="2314">
    <groups>
    </groups>
    <test started-at="2021-10-02T21:18:14Z" name="Default test" finished-at="2021-10-02T21:18:16Z" duration-ms="2314">
      <class name="newProj_demoqa_forms_TestCases.TC15_new">
        <test-method signature="read()[pri:0, instance:newProj_demoqa_forms_TestCases.TC15_new@7357a011]" started-at="2021-10-03T02:48:14Z" name="read" finished-at="2021-10-03T02:48:16Z" duration-ms="2242" status="PASS">
          <reporter-output>
          </reporter-output>
        </test-method> <!-- read -->
      </class> <!-- newProj_demoqa_forms_TestCases.TC15_new -->
    </test> <!-- Default test -->
  </suite> <!-- Default suite -->
</testng-results>
